<?xml version="1.0" encoding="UTF-8"?>
<!-- Generated by org.testng.reporters.JUnitXMLReporter -->
<testsuite ignored="4" hostname="DESKTOP-QDGQPOH" failures="0" tests="4" name="Default test" time="0.029" errors="0" timestamp="2020-05-11T17:27:46 PDT">
  <testcase classname="testsuite.B" name="four" time="0.004"/>
  <testcase classname="testsuite.A" name="one" time="0.001"/>
  <testcase classname="testsuite.A" name="three" time="0.001"/>
  <testcase classname="testsuite.A" name="two" time="0.001"/>
  <testcase classname="testsuite.Parent" name="@AfterSuite as" time="0.0">
    <ignored/>
  </testcase> <!-- @AfterSuite as -->
  <testcase classname="testsuite.Parent" name="@AfterSuite as" time="0.0">
    <ignored/>
  </testcase> <!-- @AfterSuite as -->
  <testcase classname="testsuite.Parent" name="@BeforeSuite bs" time="0.0">
    <ignored/>
  </testcase> <!-- @BeforeSuite bs -->
  <testcase classname="testsuite.Parent" name="@BeforeSuite bs" time="0.0">
    <ignored/>
  </testcase> <!-- @BeforeSuite bs -->
</testsuite> <!-- Default test -->
