<?xml version="1.0" encoding="UTF-8"?>
<testng-results ignored="4" total="8" passed="4" failed="0" skipped="0">
  <reporter-output>
  </reporter-output>
  <suite started-at="2020-05-11T17:27:46 PDT" name="Default suite" finished-at="2020-05-11T17:27:46 PDT" duration-ms="29">
    <groups>
    </groups>
    <test started-at="2020-05-11T17:27:46 PDT" name="Default test" finished-at="2020-05-11T17:27:46 PDT" duration-ms="29">
      <class name="testsuite.Parent">
        <test-method is-config="true" signature="bs()[pri:0, instance:testsuite.Parent@7ea37dbf]" started-at="2020-05-11T17:27:46 PDT" name="bs" finished-at="2020-05-11T17:27:46 PDT" duration-ms="5" status="PASS">
          <reporter-output>
          </reporter-output>
        </test-method> <!-- bs -->
        <test-method is-config="true" signature="as()[pri:0, instance:testsuite.Parent@7ea37dbf]" started-at="2020-05-11T17:27:46 PDT" name="as" finished-at="2020-05-11T17:27:46 PDT" duration-ms="0" status="PASS">
          <reporter-output>
          </reporter-output>
        </test-method> <!-- as -->
      </class> <!-- testsuite.Parent -->
      <class name="testsuite.B">
        <test-method signature="four()[pri:0, instance:testsuite.B@4b44655e]" started-at="2020-05-11T17:27:46 PDT" name="four" finished-at="2020-05-11T17:27:46 PDT" duration-ms="4" status="PASS">
          <reporter-output>
          </reporter-output>
        </test-method> <!-- four -->
        <test-method is-config="true" signature="bm()[pri:0, instance:testsuite.B@4b44655e]" started-at="2020-05-11T17:27:46 PDT" name="bm" finished-at="2020-05-11T17:27:46 PDT" duration-ms="0" status="PASS">
          <reporter-output>
          </reporter-output>
        </test-method> <!-- bm -->
        <test-method is-config="true" signature="am()[pri:0, instance:testsuite.B@4b44655e]" started-at="2020-05-11T17:27:46 PDT" name="am" finished-at="2020-05-11T17:27:46 PDT" duration-ms="0" status="PASS">
          <reporter-output>
          </reporter-output>
        </test-method> <!-- am -->
      </class> <!-- testsuite.B -->
      <class name="testsuite.A">
        <test-method signature="one()[pri:0, instance:testsuite.A@290d210d]" started-at="2020-05-11T17:27:46 PDT" name="one" finished-at="2020-05-11T17:27:46 PDT" duration-ms="1" status="PASS">
          <reporter-output>
          </reporter-output>
        </test-method> <!-- one -->
        <test-method is-config="true" signature="bm()[pri:0, instance:testsuite.A@290d210d]" started-at="2020-05-11T17:27:46 PDT" name="bm" finished-at="2020-05-11T17:27:46 PDT" duration-ms="0" status="PASS">
          <reporter-output>
          </reporter-output>
        </test-method> <!-- bm -->
        <test-method is-config="true" signature="am()[pri:0, instance:testsuite.A@290d210d]" started-at="2020-05-11T17:27:46 PDT" name="am" finished-at="2020-05-11T17:27:46 PDT" duration-ms="0" status="PASS">
          <reporter-output>
          </reporter-output>
        </test-method> <!-- am -->
        <test-method signature="three()[pri:0, instance:testsuite.A@290d210d]" started-at="2020-05-11T17:27:46 PDT" name="three" finished-at="2020-05-11T17:27:46 PDT" duration-ms="1" status="PASS">
          <reporter-output>
          </reporter-output>
        </test-method> <!-- three -->
        <test-method is-config="true" signature="bm()[pri:0, instance:testsuite.A@290d210d]" started-at="2020-05-11T17:27:46 PDT" name="bm" finished-at="2020-05-11T17:27:46 PDT" duration-ms="0" status="PASS">
          <reporter-output>
          </reporter-output>
        </test-method> <!-- bm -->
        <test-method is-config="true" signature="am()[pri:0, instance:testsuite.A@290d210d]" started-at="2020-05-11T17:27:46 PDT" name="am" finished-at="2020-05-11T17:27:46 PDT" duration-ms="1" status="PASS">
          <reporter-output>
          </reporter-output>
        </test-method> <!-- am -->
        <test-method signature="two()[pri:0, instance:testsuite.A@290d210d]" started-at="2020-05-11T17:27:46 PDT" name="two" finished-at="2020-05-11T17:27:46 PDT" duration-ms="1" status="PASS">
          <reporter-output>
          </reporter-output>
        </test-method> <!-- two -->
        <test-method is-config="true" signature="bm()[pri:0, instance:testsuite.A@290d210d]" started-at="2020-05-11T17:27:46 PDT" name="bm" finished-at="2020-05-11T17:27:46 PDT" duration-ms="0" status="PASS">
          <reporter-output>
          </reporter-output>
        </test-method> <!-- bm -->
        <test-method is-config="true" signature="am()[pri:0, instance:testsuite.A@290d210d]" started-at="2020-05-11T17:27:46 PDT" name="am" finished-at="2020-05-11T17:27:46 PDT" duration-ms="0" status="PASS">
          <reporter-output>
          </reporter-output>
        </test-method> <!-- am -->
      </class> <!-- testsuite.A -->
    </test> <!-- Default test -->
  </suite> <!-- Default suite -->
</testng-results>
